1 1 1 1 1 1 1 1 1 1 1 1 1 1 1 1 1 1 1 1 1 1 1 1 1 1 1 1 1 1 1 1 
1 2 3 4 5 6 7 8 9 10 11 12 13 14 15 16 17 18 19 20 21 22 23 24 25 26 27 28 29 30 31 32 
1 2 4 7 11 16 22 29 37 46 56 67 79 92 106 121 137 154 172 191 211 232 254 277 301 326 352 379 407 436 466 497 
1 2 4 8 15 26 42 64 93 130 176 232 299 378 470 576 697 834 988 1160 1351 1562 1794 2048 2325 2626 2952 3304 3683 4090 4526 4992 
1 2 4 8 16 31 57 99 163 256 386 562 794 1093 1471 1941 2517 3214 4048 5036 6196 7547 9109 10903 12951 15276 17902 20854 24158 27841 31931 36457 
1 2 4 8 16 32 63 120 219 382 638 1024 1586 2380 3473 4944 6885 9402 12616 16664 21700 27896 35443 44552 55455 68406 83682 101584 122438 146596 174437 206368 
1 2 4 8 16 32 64 127 247 466 848 1486 2510 4096 6476 9949 14893 21778 31180 43796 60460 82160 110056 145499 190051 245506 313912 397594 499178 621616 768212 942649 
1 2 4 8 16 32 64 128 255 502 968 1816 3302 5812 9908 16384 26333 41226 63004 94184 137980 198440 280600 390656 536155 726206 971712 1285624 1683218 2182396 2804012 3572224 
1 2 4 8 16 32 64 128 256 511 1013 1981 3797 7099 12911 22819 39203 65536 106762 169766 263950 401930 600370 880970 1271626 1807781 2533987 3505699 4791323 6474541 8656937 11460949 
1 2 4 8 16 32 64 128 256 512 1023 2036 4017 7814 14913 27824 50643 89846 155382 262144 431910 695860 1097790 1698160 2579130 3850756 5658537 8192524 11698223 16489546 22964087 31621024 
1 2 4 8 16 32 64 128 256 512 1024 2047 4083 8100 15914 30827 58651 109294 199140 354522 616666 1048576 1744436 2842226 4540386 7119516 10970272 16628809 24821333 36519556 53009102 75973189 
1 2 4 8 16 32 64 128 256 512 1024 2048 4095 8178 16278 32192 63019 121670 230964 430104 784626 1401292 2449868 4194304 7036530 11576916 18696432 29666704 46295513 71116846 107636402 160645504 
1 2 4 8 16 32 64 128 256 512 1024 2048 4096 8191 16369 32647 64839 127858 249528 480492 910596 1695222 3096514 5546382 9740686 16777216 28354132 47050564 76717268 123012781 194129627 301766029 
1 2 4 8 16 32 64 128 256 512 1024 2048 4096 8192 16383 32752 65399 130238 258096 507624 988116 1898712 3593934 6690448 12236830 21977516 38754732 67108864 114159428 190876696 313889477 508019104 
1 2 4 8 16 32 64 128 256 512 1024 2048 4096 8192 16384 32767 65519 130918 261156 519252 1026876 2014992 3913704 7507638 14198086 26434916 48412432 87167164 154276028 268435456 459312152 773201629 
1 2 4 8 16 32 64 128 256 512 1024 2048 4096 8192 16384 32768 65535 131054 261972 523128 1042380 2069256 4084248 7997952 15505590 29703676 56138592 104551024 191718188 345994216 614429672 1073741824 
1 2 4 8 16 32 64 128 256 512 1024 2048 4096 8192 16384 32768 65536 131071 262125 524097 1047225 2089605 4158861 8243109 16241061 31746651 61450327 117588919 222139943 413858131 759852347 1374282019 
1 2 4 8 16 32 64 128 256 512 1024 2048 4096 8192 16384 32768 65536 131072 262143 524268 1048365 2095590 4185195 8344056 16587165 32828226 64574877 126025204 243614123 465754066 879612197 1639464544 
1 2 4 8 16 32 64 128 256 512 1024 2048 4096 8192 16384 32768 65536 131072 262144 524287 1048555 2096920 4192510 8377705 16721761 33308926 66137152 130712029 256737233 500351356 966105422 1845717619 
1 2 4 8 16 32 64 128 256 512 1024 2048 4096 8192 16384 32768 65536 131072 262144 524288 1048575 2097130 4194050 8386560 16764265 33486026 66794952 132932104 263644133 520381366 1020732722 1986838144 
1 2 4 8 16 32 64 128 256 512 1024 2048 4096 8192 16384 32768 65536 131072 262144 524288 1048576 2097151 4194281 8388331 16774891 33539156 67025182 133820134 266752238 530396371 1050777737 2071510459 
1 2 4 8 16 32 64 128 256 512 1024 2048 4096 8192 16384 32768 65536 131072 262144 524288 1048576 2097152 4194303 8388584 16776915 33551806 67090962 134116144 267936278 534688516 1065084887 2115862624 
1 2 4 8 16 32 64 128 256 512 1024 2048 4096 8192 16384 32768 65536 131072 262144 524288 1048576 2097152 4194304 8388607 16777191 33554106 67105912 134196874 268313018 536249296 1070937812 2136022699 
1 2 4 8 16 32 64 128 256 512 1024 2048 4096 8192 16384 32768 65536 131072 262144 524288 1048576 2097152 4194304 8388608 16777215 33554406 67108512 134214424 268411298 536724316 1072973612 2143911424 
1 2 4 8 16 32 64 128 256 512 1024 2048 4096 8192 16384 32768 65536 131072 262144 524288 1048576 2097152 4194304 8388608 16777216 33554431 67108837 134217349 268431773 536843071 1073567387 2146540999 
1 2 4 8 16 32 64 128 256 512 1024 2048 4096 8192 16384 32768 65536 131072 262144 524288 1048576 2097152 4194304 8388608 16777216 33554432 67108863 134217700 268435049 536866822 1073709893 2147277280 
1 2 4 8 16 32 64 128 256 512 1024 2048 4096 8192 16384 32768 65536 131072 262144 524288 1048576 2097152 4194304 8388608 16777216 33554432 67108864 134217727 268435427 536870476 1073737298 2147447191 
1 2 4 8 16 32 64 128 256 512 1024 2048 4096 8192 16384 32768 65536 131072 262144 524288 1048576 2097152 4194304 8388608 16777216 33554432 67108864 134217728 268435455 536870882 1073741358 2147478656 
1 2 4 8 16 32 64 128 256 512 1024 2048 4096 8192 16384 32768 65536 131072 262144 524288 1048576 2097152 4194304 8388608 16777216 33554432 67108864 134217728 268435456 536870911 1073741793 2147483151 
1 2 4 8 16 32 64 128 256 512 1024 2048 4096 8192 16384 32768 65536 131072 262144 524288 1048576 2097152 4194304 8388608 16777216 33554432 67108864 134217728 268435456 536870912 1073741823 2147483616 
1 2 4 8 16 32 64 128 256 512 1024 2048 4096 8192 16384 32768 65536 131072 262144 524288 1048576 2097152 4194304 8388608 16777216 33554432 67108864 134217728 268435456 536870912 1073741824 2147483647 
1 2 4 8 16 32 64 128 256 512 1024 2048 4096 8192 16384 32768 65536 131072 262144 524288 1048576 2097152 4194304 8388608 16777216 33554432 67108864 134217728 268435456 536870912 1073741824 2147483648 
1111111111111111111111111111111
